2022-4-7 6:4:18:699 REQUEST [2022-4-7 6:4:18:699] POST /session {"desiredCapabilities":{"os":"OS X","os_version":"Catalina","browser":"Chrome","browser_version":"98.0","project":"sel-time-cmd-c","build":"sel-time-cmd-c","name":"sel-time-cmd-c","browserstack.local":false,"browserstack.console":"verbose","browserstack.networkLogs":true,"browserstack.selenium_version":"3.14.0","acceptSslCert":false,"detected_language":"selenium/3.14.0 (python mac)","new_bucketing":true}}
2022-4-7 6:4:18:699 START_SESSION 
2022-4-7 6:4:18:700 REQUEST [2022-4-7 6:4:18:700] GET /session/e8917ae6a91387a56bc2469fe96b9a26dc8fa43e
2022-4-7 6:4:18:700 RESPONSE {"status":0,"sessionId":"e8917ae6a91387a56bc2469fe96b9a26dc8fa43e","value":{"acceptInsecureCerts":false,"browserName":"chrome","browserVersion":"98.0.4758.80","chrome":{"chromedriverVersion":"98.0.4758.48 (d869ab3eda60629b9fabbd4e30c0f833466c83fd-refs/branch-heads/4758@{#415})","userDataDir":"/var/folders/yj/h3bj394n2tn74bp3vdngj35c0000jy/T/.com.google.Chrome.fiIDeU"},"goog:chromeOptions":{"debuggerAddress":"localhost:9222"},"networkConnectionEnabled":false,"pageLoadStrategy":"normal","platformName":"mac os x","setWindowRect":true,"strictFileInteractability":false,"timeouts":{"implicit":0,"pageLoad":300000,"script":30000},"unhandledPromptBehavior":"dismiss and notify","webauthn:extension:credBlob":true,"webauthn:extension:largeBlob":true,"webauthn:virtualAuthenticators":true,"webdriver.remote.sessionid":"e8917ae6a91387a56bc2469fe96b9a26dc8fa43e"}}
2022-4-7 6:4:19:58 REQUEST [2022-4-7 6:4:19:58] POST /session/e8917ae6a91387a56bc2469fe96b9a26dc8fa43e/window/current/maximize {"windowHandle":"current","sessionId":"e8917ae6a91387a56bc2469fe96b9a26dc8fa43e"}
2022-4-7 6:4:19:265 RESPONSE {"sessionId":null,"state":"success","class":"org.openqa.selenium.remote.Response","value":{"height":1057,"width":1920,"x":0,"y":23},"status":0}
2022-4-7 6:4:19:420 REQUEST [2022-4-7 6:4:19:420] POST /session/e8917ae6a91387a56bc2469fe96b9a26dc8fa43e/url {"url":"https://www.google.com","sessionId":"e8917ae6a91387a56bc2469fe96b9a26dc8fa43e"}
2022-4-7 6:4:20:587 RESPONSE {"sessionId":null,"state":"success","class":"org.openqa.selenium.remote.Response","value":null,"status":0}
2022-4-7 6:4:21:798 REQUEST [2022-4-7 6:4:21:798] POST /session/e8917ae6a91387a56bc2469fe96b9a26dc8fa43e/element {"using":"id","value":"wer","sessionId":"e8917ae6a91387a56bc2469fe96b9a26dc8fa43e"}
2022-4-7 6:4:21:846 RESPONSE {"sessionId":null,"state":"no such element","class":"org.openqa.selenium.remote.Response","value":{"error":"no such element","message":"no such element","stacktrace":""},"status":7}
2022-4-7 6:4:22:745 REQUEST [2022-4-7 6:4:22:745] POST /session/e8917ae6a91387a56bc2469fe96b9a26dc8fa43e/element {"using":"id","value":"wer","sessionId":"e8917ae6a91387a56bc2469fe96b9a26dc8fa43e"}
2022-4-7 6:4:22:786 RESPONSE {"sessionId":null,"state":"no such element","class":"org.openqa.selenium.remote.Response","value":{"error":"no such element","message":"no such element","stacktrace":""},"status":7}
2022-4-7 6:4:23:528 REQUEST [2022-4-7 6:4:23:528] POST /session/e8917ae6a91387a56bc2469fe96b9a26dc8fa43e/element {"using":"id","value":"wer","sessionId":"e8917ae6a91387a56bc2469fe96b9a26dc8fa43e"}
2022-4-7 6:4:23:557 RESPONSE {"sessionId":null,"state":"no such element","class":"org.openqa.selenium.remote.Response","value":{"error":"no such element","message":"no such element","stacktrace":""},"status":7}
2022-4-7 6:4:24:300 REQUEST [2022-4-7 6:4:24:300] POST /session/e8917ae6a91387a56bc2469fe96b9a26dc8fa43e/element {"using":"id","value":"wer","sessionId":"e8917ae6a91387a56bc2469fe96b9a26dc8fa43e"}
2022-4-7 6:4:24:328 RESPONSE {"sessionId":null,"state":"no such element","class":"org.openqa.selenium.remote.Response","value":{"error":"no such element","message":"no such element","stacktrace":""},"status":7}
2022-4-7 6:4:25:85 REQUEST [2022-4-7 6:4:25:85] POST /session/e8917ae6a91387a56bc2469fe96b9a26dc8fa43e/element {"using":"id","value":"wer","sessionId":"e8917ae6a91387a56bc2469fe96b9a26dc8fa43e"}
2022-4-7 6:4:25:113 RESPONSE {"sessionId":null,"state":"no such element","class":"org.openqa.selenium.remote.Response","value":{"error":"no such element","message":"no such element","stacktrace":""},"status":7}
2022-4-7 6:4:26:112 REQUEST [2022-4-7 6:4:26:112] GET /session/e8917ae6a91387a56bc2469fe96b9a26dc8fa43e/title {"sessionId":"e8917ae6a91387a56bc2469fe96b9a26dc8fa43e"}
2022-4-7 6:4:26:128 RESPONSE {"sessionId":null,"state":"success","class":"org.openqa.selenium.remote.Response","value":"Google","status":0}
2022-4-7 6:4:26:547 REQUEST [2022-4-7 6:4:26:547] GET /session/e8917ae6a91387a56bc2469fe96b9a26dc8fa43e/screenshot {"sessionId":"e8917ae6a91387a56bc2469fe96b9a26dc8fa43e"}
2022-4-7 6:4:26:780 RESPONSE {"sessionId":null,"state":"success","class":"org.openqa.selenium.remote.Response","value":"https://s3.amazonaws.com/testautomation/e8917ae6a91387a56bc2469fe96b9a26dc8fa43e/screenshot-selenium-a9ead79be6.png","status":0}
2022-4-7 6:4:28:739 STOP_SESSION {"status":0,"sessionId":"e8917ae6a91387a56bc2469fe96b9a26dc8fa43e","value":{"message":"CLIENT_STOPPED_SESSION"},"errorStack":{}}

